0	08:20:07.039	Automated trading disabled
3	08:20:07.040	Automated trading disabled because the account has been changed
0	08:20:10.486	Automated trading enabled
0	18:31:10.538	Script sample2\sample2 USDCHF,H1: loaded successfully
3	18:31:10.568	sample2 USDCHF,H1: cannot refresh history [4073]
0	18:31:10.568	sample2 USDCHF,H1: initialized
0	18:31:10.568	sample2 USDCHF,H1: uninit reason 0
0	18:31:10.607	Script sample2 USDCHF,H1: removed
0	18:31:26.093	Script sample2\sample2 EURAUD,H1: loaded successfully
3	18:31:26.112	sample2 EURAUD,H1: cannot refresh history [4073]
0	18:31:26.112	sample2 EURAUD,H1: initialized
0	18:31:26.112	sample2 EURAUD,H1: uninit reason 0
0	18:31:26.115	Script sample2 EURAUD,H1: removed
0	18:35:41.462	Compiling 'sample2\sample2'
0	18:35:44.237	Expert sample3\sample3 USDCHF,H1: loaded successfully
3	18:36:03.874	sample3 USDCHF,H1: cannot refresh history [4073]
0	18:36:03.879	sample3 USDCHF,H1: initialized
0	18:39:12.793	sample3 USDCHF,H1: uninit reason 4
0	18:39:12.816	Expert sample3 USDCHF,H1: removed
0	22:53:28.448	Compiling 'advisor1'
0	22:53:28.449	Compiling 'sample3'
3	22:54:44.819	cannot open file 'Z:\home\tinashe\.mt4\drive_c\Program Files\MetaTrader 4\MQL4\Experts\sample3\sample3.ex4' [2]
0	22:54:47.765	Expert DWX_ZeroMQ_Server_v2.0.1_RC8 EURAUD,H1: loaded successfully
0	22:54:51.929	DWX_ZeroMQ_Server_v2.0.1_RC8 EURAUD,H1 inputs: PROJECT_NAME=DWX_ZeroMQ_MT4_Server; ZEROMQ_PROTOCOL=tcp; HOSTNAME=*; PUSH_PORT=32768; PULL_PORT=32769; PUB_PORT=32770; MILLISECOND_TIMER=1; MILLISECOND_TIMER_PRICES=500; t0=--- Trading Parameters ---; MaximumOrders=1; MaximumLotSize=0.01; MaximumSlippage=3; DMA_MODE=true; 
0	22:54:52.067	DWX_ZeroMQ_Server_v2.0.1_RC8 EURAUD,H1: [PUSH] Binding MT4 Server to Socket on Port 32769..
0	22:54:52.067	DWX_ZeroMQ_Server_v2.0.1_RC8 EURAUD,H1: [PULL] Binding MT4 Server to Socket on Port 32768..
0	22:54:52.068	DWX_ZeroMQ_Server_v2.0.1_RC8 EURAUD,H1: [PUB] Binding MT4 Server to Socket on Port 32770..
0	22:54:52.068	DWX_ZeroMQ_Server_v2.0.1_RC8 EURAUD,H1: initialized
0	23:15:24.511	DWX_ZeroMQ_Server_v2.0.1_RC8 EURAUD,H1: uninit reason 4
0	23:15:24.512	DWX_ZeroMQ_Server_v2.0.1_RC8 EURAUD,H1: [PUSH] Unbinding MT4 Server from Socket on Port 32769..
0	23:15:24.514	DWX_ZeroMQ_Server_v2.0.1_RC8 EURAUD,H1: [PULL] Unbinding MT4 Server from Socket on Port 32768..
0	23:15:24.515	DWX_ZeroMQ_Server_v2.0.1_RC8 EURAUD,H1: >>> DEBUG[Context.mqh,90,Context::destroy]: failed to terminate context
0	23:15:24.606	Expert DWX_ZeroMQ_Server_v2.0.1_RC8 EURAUD,H1: removed
0	23:15:28.683	Expert DWX_ZeroMQ_Server_v2.0.1_RC8 USDCHF,H1: loaded successfully
0	23:17:14.019	DWX_ZeroMQ_Server_v2.0.1_RC8 USDCHF,H1 inputs: PROJECT_NAME=DWX_ZeroMQ_MT4_Server; ZEROMQ_PROTOCOL=tcp; HOSTNAME=*; PUSH_PORT=32768; PULL_PORT=32769; PUB_PORT=32770; MILLISECOND_TIMER=1; MILLISECOND_TIMER_PRICES=500; t0=--- Trading Parameters ---; MaximumOrders=1; MaximumLotSize=0.01; MaximumSlippage=3; DMA_MODE=true; 
0	23:17:14.141	DWX_ZeroMQ_Server_v2.0.1_RC8 USDCHF,H1: [PUSH] Binding MT4 Server to Socket on Port 32769..
0	23:17:14.141	DWX_ZeroMQ_Server_v2.0.1_RC8 USDCHF,H1: [PULL] Binding MT4 Server to Socket on Port 32768..
0	23:17:14.142	DWX_ZeroMQ_Server_v2.0.1_RC8 USDCHF,H1: [PUB] Binding MT4 Server to Socket on Port 32770..
0	23:17:14.142	DWX_ZeroMQ_Server_v2.0.1_RC8 USDCHF,H1: initialized
0	23:44:07.867	DWX_ZeroMQ_Server_v2.0.1_RC8 USDCHF,H1: uninit reason 9
0	23:44:07.867	DWX_ZeroMQ_Server_v2.0.1_RC8 USDCHF,H1: [PUSH] Unbinding MT4 Server from Socket on Port 32769..
0	23:44:07.876	DWX_ZeroMQ_Server_v2.0.1_RC8 USDCHF,H1: [PULL] Unbinding MT4 Server from Socket on Port 32768..
0	23:44:07.877	DWX_ZeroMQ_Server_v2.0.1_RC8 USDCHF,H1: >>> DEBUG[Context.mqh,90,Context::destroy]: failed to terminate context
0	23:44:08.023	Expert DWX_ZeroMQ_Server_v2.0.1_RC8 USDCHF,H1: removed
0	23:46:07.294	Expert DWX_ZeroMQ_Server_v2.0.1_RC8 USDCHF,H1: loaded successfully
0	23:46:07.295	DWX_ZeroMQ_Server_v2.0.1_RC8 USDCHF,H1 inputs: PROJECT_NAME=DWX_ZeroMQ_MT4_Server; ZEROMQ_PROTOCOL=tcp; HOSTNAME=*; PUSH_PORT=32768; PULL_PORT=32769; PUB_PORT=32770; MILLISECOND_TIMER=1; MILLISECOND_TIMER_PRICES=500; t0=--- Trading Parameters ---; MaximumOrders=1; MaximumLotSize=0.01; MaximumSlippage=3; DMA_MODE=true; 
0	23:47:46.524	Expert DWX_ZeroMQ_Server_v2.0.1_RC8 USDCHF,H1: removed
