0	19:41:55.378	Compiling 'MACD Sample'
0	19:41:55.378	Compiling 'Moving Average'
0	19:42:01.437	Compiling 'Accelerator'
0	19:42:01.437	Compiling 'Accumulation'
0	19:42:01.438	Compiling 'Alligator'
0	19:42:01.438	Compiling 'ATR'
0	19:42:01.438	Compiling 'Awesome'
0	19:42:01.438	Compiling 'Bands'
0	19:42:01.438	Compiling 'Bears'
0	19:42:01.438	Compiling 'Bulls'
0	19:42:01.438	Compiling 'CCI'
0	19:42:01.438	Compiling 'Custom Moving Averages'
0	19:42:01.438	Compiling 'Heiken Ashi'
0	19:42:01.438	Compiling 'Ichimoku'
0	19:42:01.438	Compiling 'iExposure'
0	19:42:01.438	Compiling 'MACD'
0	19:42:01.438	Compiling 'Momentum'
0	19:42:01.438	Compiling 'OsMA'
0	19:42:01.438	Compiling 'Parabolic'
0	19:42:01.438	Compiling 'RSI'
0	19:42:01.438	Compiling 'Stochastic'
0	19:42:01.439	Compiling 'ZigZag'
0	19:42:01.439	Compiling 'SimplePanel'
0	19:42:11.639	Compiling 'PeriodConverter'
0	19:42:11.640	Compiling 'DLLSampleTester'
0	19:42:11.641	Compiling 'PipeClient'
0	19:42:11.641	Compiling 'PipeClientPure'
0	19:42:15.909	Compiling 'stdlib'
0	19:46:41.955	Automated trading enabled
0	19:59:24.214	Automated trading disabled
3	19:59:24.214	Automated trading disabled because the account has been changed
0	20:06:23.896	Automated trading enabled
