0	04:28:33.960	Automated trading disabled
3	04:28:33.961	Automated trading disabled because the account has been changed
0	04:28:43.922	Expert DWX_ZeroMQ_Server_v2.0.1_RC8 USDCHF,H1: loaded successfully
0	04:28:47.661	DWX_ZeroMQ_Server_v2.0.1_RC8 USDCHF,H1 inputs: PROJECT_NAME=DWX_ZeroMQ_MT4_Server; ZEROMQ_PROTOCOL=tcp; HOSTNAME=*; PUSH_PORT=32768; PULL_PORT=32769; PUB_PORT=32770; MILLISECOND_TIMER=1; MILLISECOND_TIMER_PRICES=500; t0=--- Trading Parameters ---; MaximumOrders=1; MaximumLotSize=0.01; MaximumSlippage=3; DMA_MODE=true; 
0	04:28:47.782	DWX_ZeroMQ_Server_v2.0.1_RC8 USDCHF,H1: [PUSH] Binding MT4 Server to Socket on Port 32769..
0	04:28:47.783	DWX_ZeroMQ_Server_v2.0.1_RC8 USDCHF,H1: [PULL] Binding MT4 Server to Socket on Port 32768..
0	04:28:47.783	DWX_ZeroMQ_Server_v2.0.1_RC8 USDCHF,H1: [PUB] Binding MT4 Server to Socket on Port 32770..
0	04:28:47.783	DWX_ZeroMQ_Server_v2.0.1_RC8 USDCHF,H1: initialized
0	04:30:34.112	Automated trading enabled
0	04:32:57.822	DWX_ZeroMQ_Server_v2.0.1_RC8 USDCHF,H1: uninit reason 1
0	04:32:57.822	DWX_ZeroMQ_Server_v2.0.1_RC8 USDCHF,H1: [PUSH] Unbinding MT4 Server from Socket on Port 32769..
0	04:32:57.824	DWX_ZeroMQ_Server_v2.0.1_RC8 USDCHF,H1: [PULL] Unbinding MT4 Server from Socket on Port 32768..
0	04:32:57.825	DWX_ZeroMQ_Server_v2.0.1_RC8 USDCHF,H1: >>> DEBUG[Context.mqh,90,Context::destroy]: failed to terminate context
0	04:32:57.835	Expert DWX_ZeroMQ_Server_v2.0.1_RC8 USDCHF,H1: removed
0	04:32:57.858	Expert DWX_ZeroMQ_Server_v2.0.1_RC8 USDCHF,H1: loaded successfully
0	04:33:14.834	Expert DWX_ZeroMQ_Server_v2.0.1_RC8 USDCHF,H1: removed
0	04:38:19.121	Expert DWX_ZeroMQ_Server_v2.0.1_RC8 USDCHF,H1: loaded successfully
0	04:38:54.175	DWX_ZeroMQ_Server_v2.0.1_RC8 USDCHF,H1 inputs: PROJECT_NAME=DWX_ZeroMQ_MT4_Server; ZEROMQ_PROTOCOL=tcp; HOSTNAME=*; PUSH_PORT=32768; PULL_PORT=32769; PUB_PORT=32770; MILLISECOND_TIMER=1; MILLISECOND_TIMER_PRICES=500; t0=--- Trading Parameters ---; MaximumOrders=1; MaximumLotSize=0.01; MaximumSlippage=3; DMA_MODE=true; 
0	04:38:54.301	DWX_ZeroMQ_Server_v2.0.1_RC8 USDCHF,H1: [PUSH] Binding MT4 Server to Socket on Port 32769..
0	04:38:54.302	DWX_ZeroMQ_Server_v2.0.1_RC8 USDCHF,H1: [PULL] Binding MT4 Server to Socket on Port 32768..
0	04:38:54.302	DWX_ZeroMQ_Server_v2.0.1_RC8 USDCHF,H1: [PUB] Binding MT4 Server to Socket on Port 32770..
0	04:38:54.302	DWX_ZeroMQ_Server_v2.0.1_RC8 USDCHF,H1: initialized
0	04:41:07.520	Automated trading disabled
3	04:41:07.520	Automated trading disabled because the account has been changed
0	04:43:53.318	Automated trading enabled
0	04:53:59.211	DWX_ZeroMQ_Server_v2.0.1_RC8 USDCHF,H1: uninit reason 4
0	04:53:59.211	DWX_ZeroMQ_Server_v2.0.1_RC8 USDCHF,H1: [PUSH] Unbinding MT4 Server from Socket on Port 32769..
0	04:53:59.213	DWX_ZeroMQ_Server_v2.0.1_RC8 USDCHF,H1: [PULL] Unbinding MT4 Server from Socket on Port 32768..
0	04:53:59.214	DWX_ZeroMQ_Server_v2.0.1_RC8 USDCHF,H1: >>> DEBUG[Context.mqh,90,Context::destroy]: failed to terminate context
0	04:53:59.224	Expert DWX_ZeroMQ_Server_v2.0.1_RC8 USDCHF,H1: removed
0	04:55:34.909	Expert DWX_ZeroMQ_Server_v2.0.1_RC8 USDCHF,H1: loaded successfully
0	04:55:37.436	DWX_ZeroMQ_Server_v2.0.1_RC8 USDCHF,H1 inputs: PROJECT_NAME=DWX_ZeroMQ_MT4_Server; ZEROMQ_PROTOCOL=tcp; HOSTNAME=*; PUSH_PORT=32768; PULL_PORT=32769; PUB_PORT=32770; MILLISECOND_TIMER=1; MILLISECOND_TIMER_PRICES=500; t0=--- Trading Parameters ---; MaximumOrders=1; MaximumLotSize=0.01; MaximumSlippage=3; DMA_MODE=true; 
0	04:55:37.569	DWX_ZeroMQ_Server_v2.0.1_RC8 USDCHF,H1: [PUSH] Binding MT4 Server to Socket on Port 32769..
0	04:55:37.569	DWX_ZeroMQ_Server_v2.0.1_RC8 USDCHF,H1: [PULL] Binding MT4 Server to Socket on Port 32768..
0	04:55:37.570	DWX_ZeroMQ_Server_v2.0.1_RC8 USDCHF,H1: [PUB] Binding MT4 Server to Socket on Port 32770..
0	04:55:37.570	DWX_ZeroMQ_Server_v2.0.1_RC8 USDCHF,H1: initialized
0	04:56:36.893	Expert DWX_ZeroMQ_Server_v2.0.1_RC8 USDCAD,H1: loaded successfully
0	04:56:39.615	DWX_ZeroMQ_Server_v2.0.1_RC8 USDCAD,H1 inputs: PROJECT_NAME=DWX_ZeroMQ_MT4_Server; ZEROMQ_PROTOCOL=tcp; HOSTNAME=*; PUSH_PORT=32768; PULL_PORT=32769; PUB_PORT=32770; MILLISECOND_TIMER=1; MILLISECOND_TIMER_PRICES=500; t0=--- Trading Parameters ---; MaximumOrders=1; MaximumLotSize=0.01; MaximumSlippage=3; DMA_MODE=true; 
0	04:56:39.694	DWX_ZeroMQ_Server_v2.0.1_RC8 USDCAD,H1: [PUSH] ####ERROR#### Binding MT4 Server to Socket on Port 32769..
3	04:56:39.694	DWX_ZeroMQ_Server_v2.0.1_RC8 USDCAD,H1: initialization failed (1)
0	04:56:39.694	DWX_ZeroMQ_Server_v2.0.1_RC8 USDCAD,H1: uninit reason 8
0	04:56:39.694	DWX_ZeroMQ_Server_v2.0.1_RC8 USDCAD,H1: [PUSH] Unbinding MT4 Server from Socket on Port 32769..
0	04:56:39.695	DWX_ZeroMQ_Server_v2.0.1_RC8 USDCAD,H1: [PULL] Unbinding MT4 Server from Socket on Port 32768..
0	04:56:39.696	DWX_ZeroMQ_Server_v2.0.1_RC8 USDCAD,H1: >>> DEBUG[Context.mqh,90,Context::destroy]: failed to terminate context
0	04:56:39.701	Expert DWX_ZeroMQ_Server_v2.0.1_RC8 USDCAD,H1: removed
0	04:56:44.114	Expert DWX_ZeroMQ_Server_v2.0.1_RC8 USDCAD,H1: loaded successfully
0	04:56:46.174	DWX_ZeroMQ_Server_v2.0.1_RC8 USDCAD,H1 inputs: PROJECT_NAME=DWX_ZeroMQ_MT4_Server; ZEROMQ_PROTOCOL=tcp; HOSTNAME=*; PUSH_PORT=32768; PULL_PORT=32769; PUB_PORT=32770; MILLISECOND_TIMER=1; MILLISECOND_TIMER_PRICES=500; t0=--- Trading Parameters ---; MaximumOrders=1; MaximumLotSize=0.01; MaximumSlippage=3; DMA_MODE=true; 
0	04:56:46.249	DWX_ZeroMQ_Server_v2.0.1_RC8 USDCAD,H1: [PUSH] ####ERROR#### Binding MT4 Server to Socket on Port 32769..
3	04:56:46.249	DWX_ZeroMQ_Server_v2.0.1_RC8 USDCAD,H1: initialization failed (1)
0	04:56:46.249	DWX_ZeroMQ_Server_v2.0.1_RC8 USDCAD,H1: uninit reason 8
0	04:56:46.249	DWX_ZeroMQ_Server_v2.0.1_RC8 USDCAD,H1: [PUSH] Unbinding MT4 Server from Socket on Port 32769..
0	04:56:46.249	DWX_ZeroMQ_Server_v2.0.1_RC8 USDCAD,H1: [PULL] Unbinding MT4 Server from Socket on Port 32768..
0	04:56:46.249	DWX_ZeroMQ_Server_v2.0.1_RC8 USDCAD,H1: >>> DEBUG[Context.mqh,90,Context::destroy]: failed to terminate context
0	04:56:46.249	DWX_ZeroMQ_Server_v2.0.1_RC8 USDCAD,H1: >>> DEBUG[Socket.mqh,128,Socket::~Socket]: Failed to close socket 0x0
0	04:56:46.249	DWX_ZeroMQ_Server_v2.0.1_RC8 USDCAD,H1: >>> DEBUG[Socket.mqh,128,Socket::~Socket]: Failed to close socket 0x0
0	04:56:46.249	DWX_ZeroMQ_Server_v2.0.1_RC8 USDCAD,H1: >>> DEBUG[Socket.mqh,128,Socket::~Socket]: Failed to close socket 0x0
0	04:56:46.254	Expert DWX_ZeroMQ_Server_v2.0.1_RC8 USDCAD,H1: removed
0	04:59:26.190	DWX_ZeroMQ_Server_v2.0.1_RC8 USDCHF,H1: uninit reason 4
0	04:59:26.190	DWX_ZeroMQ_Server_v2.0.1_RC8 USDCHF,H1: [PUSH] Unbinding MT4 Server from Socket on Port 32769..
0	04:59:26.191	DWX_ZeroMQ_Server_v2.0.1_RC8 USDCHF,H1: [PULL] Unbinding MT4 Server from Socket on Port 32768..
0	04:59:26.191	DWX_ZeroMQ_Server_v2.0.1_RC8 USDCHF,H1: >>> DEBUG[Context.mqh,90,Context::destroy]: failed to terminate context
1	04:59:26.199	DWX_ZeroMQ_Server_v2.0.1_RC8 USDCHF,H1: Abnormal termination
0	04:59:26.242	Expert DWX_ZeroMQ_Server_v2.0.1_RC8 USDCHF,H1: removed
0	05:00:06.323	Expert DWX_ZeroMQ_Server_v2.0.1_RC8 EURJPY,H1: loaded successfully
0	05:01:00.968	DWX_ZeroMQ_Server_v2.0.1_RC8 EURJPY,H1 inputs: PROJECT_NAME=DWX_ZeroMQ_MT4_Server; ZEROMQ_PROTOCOL=tcp; HOSTNAME=*; PUSH_PORT=32768; PULL_PORT=32769; PUB_PORT=32770; MILLISECOND_TIMER=1; MILLISECOND_TIMER_PRICES=500; t0=--- Trading Parameters ---; MaximumOrders=1; MaximumLotSize=0.01; MaximumSlippage=3; DMA_MODE=true; 
0	05:01:01.072	DWX_ZeroMQ_Server_v2.0.1_RC8 EURJPY,H1: [PUSH] Binding MT4 Server to Socket on Port 32769..
0	05:01:01.073	DWX_ZeroMQ_Server_v2.0.1_RC8 EURJPY,H1: [PULL] Binding MT4 Server to Socket on Port 32768..
0	05:01:01.073	DWX_ZeroMQ_Server_v2.0.1_RC8 EURJPY,H1: [PUB] Binding MT4 Server to Socket on Port 32770..
0	05:01:01.073	DWX_ZeroMQ_Server_v2.0.1_RC8 EURJPY,H1: initialized
0	05:04:12.902	DWX_ZeroMQ_Server_v2.0.1_RC8 EURJPY,H1: uninit reason 9
0	05:04:12.902	DWX_ZeroMQ_Server_v2.0.1_RC8 EURJPY,H1: [PUSH] Unbinding MT4 Server from Socket on Port 32769..
0	05:04:12.904	DWX_ZeroMQ_Server_v2.0.1_RC8 EURJPY,H1: [PULL] Unbinding MT4 Server from Socket on Port 32768..
0	05:04:12.905	DWX_ZeroMQ_Server_v2.0.1_RC8 EURJPY,H1: >>> DEBUG[Context.mqh,90,Context::destroy]: failed to terminate context
0	05:04:12.993	Expert DWX_ZeroMQ_Server_v2.0.1_RC8 EURJPY,H1: removed
0	05:06:17.424	Expert DWX_ZeroMQ_Server_v2.0.1_RC8 EURJPY,H1: loaded successfully
0	05:06:17.424	DWX_ZeroMQ_Server_v2.0.1_RC8 EURJPY,H1 inputs: PROJECT_NAME=DWX_ZeroMQ_MT4_Server; ZEROMQ_PROTOCOL=tcp; HOSTNAME=*; PUSH_PORT=32768; PULL_PORT=32769; PUB_PORT=32770; MILLISECOND_TIMER=1; MILLISECOND_TIMER_PRICES=500; t0=--- Trading Parameters ---; MaximumOrders=1; MaximumLotSize=0.01; MaximumSlippage=3; DMA_MODE=true; 
0	05:06:21.552	DWX_ZeroMQ_Server_v2.0.1_RC8 EURJPY,H1: [PUSH] Binding MT4 Server to Socket on Port 32769..
0	05:06:21.553	DWX_ZeroMQ_Server_v2.0.1_RC8 EURJPY,H1: [PULL] Binding MT4 Server to Socket on Port 32768..
0	05:06:21.554	DWX_ZeroMQ_Server_v2.0.1_RC8 EURJPY,H1: [PUB] Binding MT4 Server to Socket on Port 32770..
0	05:06:21.554	DWX_ZeroMQ_Server_v2.0.1_RC8 EURJPY,H1: initialized
0	05:12:08.186	DWX_ZeroMQ_Server_v2.0.1_RC8 EURJPY,H1: uninit reason 1
0	05:12:08.186	DWX_ZeroMQ_Server_v2.0.1_RC8 EURJPY,H1: [PUSH] Unbinding MT4 Server from Socket on Port 32769..
0	05:12:08.189	DWX_ZeroMQ_Server_v2.0.1_RC8 EURJPY,H1: [PULL] Unbinding MT4 Server from Socket on Port 32768..
0	05:12:08.190	DWX_ZeroMQ_Server_v2.0.1_RC8 EURJPY,H1: >>> DEBUG[Context.mqh,90,Context::destroy]: failed to terminate context
0	05:12:08.202	Expert DWX_ZeroMQ_Server_v2.0.1_RC8 EURJPY,H1: removed
0	05:12:08.226	Expert DWX_ZeroMQ_Server_v2.0.1_RC8 EURJPY,H1: loaded successfully
0	05:12:32.045	DWX_ZeroMQ_Server_v2.0.1_RC8 EURJPY,H1 inputs: PROJECT_NAME=DWX_ZeroMQ_MT4_Server; ZEROMQ_PROTOCOL=tcp; HOSTNAME=*; PUSH_PORT=32768; PULL_PORT=32769; PUB_PORT=32770; MILLISECOND_TIMER=1; MILLISECOND_TIMER_PRICES=500; t0=--- Trading Parameters ---; MaximumOrders=1; MaximumLotSize=0.01; MaximumSlippage=3; DMA_MODE=true; 
0	05:12:32.145	DWX_ZeroMQ_Server_v2.0.1_RC8 EURJPY,H1: [PUSH] Binding MT4 Server to Socket on Port 32769..
0	05:12:32.146	DWX_ZeroMQ_Server_v2.0.1_RC8 EURJPY,H1: [PULL] Binding MT4 Server to Socket on Port 32768..
0	05:12:32.146	DWX_ZeroMQ_Server_v2.0.1_RC8 EURJPY,H1: [PUB] Binding MT4 Server to Socket on Port 32770..
0	05:12:32.146	DWX_ZeroMQ_Server_v2.0.1_RC8 EURJPY,H1: initialized
2	05:23:18.549	DWX_ZeroMQ_Server_v2.0.1_RC8 EURJPY,H1: modify #971448609 sell 1.00 USDCHF at 0.94570 sl: 0.94714 tp: 0.94427 ok
0	05:26:27.738	DWX_ZeroMQ_Server_v2.0.1_RC8 EURJPY,H1: uninit reason 9
0	05:26:27.739	DWX_ZeroMQ_Server_v2.0.1_RC8 EURJPY,H1: [PUSH] Unbinding MT4 Server from Socket on Port 32769..
0	05:26:27.740	DWX_ZeroMQ_Server_v2.0.1_RC8 EURJPY,H1: [PULL] Unbinding MT4 Server from Socket on Port 32768..
0	05:26:27.742	DWX_ZeroMQ_Server_v2.0.1_RC8 EURJPY,H1: >>> DEBUG[Context.mqh,90,Context::destroy]: failed to terminate context
0	05:26:27.825	Expert DWX_ZeroMQ_Server_v2.0.1_RC8 EURJPY,H1: removed
0	05:27:57.655	Compiling 'advisor1'
0	05:27:57.656	Compiling 'sample3'
0	05:28:00.426	Compiling 'sample2'
0	05:28:04.669	Expert DWX_ZeroMQ_Server_v2.0.1_RC8 EURJPY,H1: loaded successfully
0	05:28:04.669	DWX_ZeroMQ_Server_v2.0.1_RC8 EURJPY,H1 inputs: PROJECT_NAME=DWX_ZeroMQ_MT4_Server; ZEROMQ_PROTOCOL=tcp; HOSTNAME=*; PUSH_PORT=32768; PULL_PORT=32769; PUB_PORT=32770; MILLISECOND_TIMER=1; MILLISECOND_TIMER_PRICES=500; t0=--- Trading Parameters ---; MaximumOrders=1; MaximumLotSize=0.01; MaximumSlippage=3; DMA_MODE=true; 
0	05:28:36.199	Expert DWX_ZeroMQ_Server_v2.0.1_RC8 EURJPY,H1: removed
